[2023-06-30T04:09:17.689+0000] {taskinstance.py:1083} INFO - Dependencies all met for <TaskInstance: name_gender_v3.load scheduled__2023-06-29T02:00:00+00:00 [queued]>
[2023-06-30T04:09:17.695+0000] {taskinstance.py:1083} INFO - Dependencies all met for <TaskInstance: name_gender_v3.load scheduled__2023-06-29T02:00:00+00:00 [queued]>
[2023-06-30T04:09:17.695+0000] {taskinstance.py:1279} INFO - 
--------------------------------------------------------------------------------
[2023-06-30T04:09:17.695+0000] {taskinstance.py:1280} INFO - Starting attempt 1 of 2
[2023-06-30T04:09:17.695+0000] {taskinstance.py:1281} INFO - 
--------------------------------------------------------------------------------
[2023-06-30T04:09:17.705+0000] {taskinstance.py:1300} INFO - Executing <Task(PythonOperator): load> on 2023-06-29 02:00:00+00:00
[2023-06-30T04:09:17.708+0000] {standard_task_runner.py:55} INFO - Started process 123 to run task
[2023-06-30T04:09:17.710+0000] {standard_task_runner.py:82} INFO - Running: ['***', 'tasks', 'run', 'name_gender_v3', 'load', 'scheduled__2023-06-29T02:00:00+00:00', '--job-id', '117', '--raw', '--subdir', 'DAGS_FOLDER/NameGenderCSVtoRedshift_v3.py', '--cfg-path', '/tmp/tmpx4eh7izf']
[2023-06-30T04:09:17.710+0000] {standard_task_runner.py:83} INFO - Job 117: Subtask load
[2023-06-30T04:09:17.746+0000] {task_command.py:388} INFO - Running <TaskInstance: name_gender_v3.load scheduled__2023-06-29T02:00:00+00:00 [running]> on host 14de859c71f6
[2023-06-30T04:09:17.786+0000] {taskinstance.py:1509} INFO - Exporting the following env vars:
AIRFLOW_CTX_DAG_OWNER=***
AIRFLOW_CTX_DAG_ID=name_gender_v3
AIRFLOW_CTX_TASK_ID=load
AIRFLOW_CTX_EXECUTION_DATE=2023-06-29T02:00:00+00:00
AIRFLOW_CTX_TRY_NUMBER=1
AIRFLOW_CTX_DAG_RUN_ID=scheduled__2023-06-29T02:00:00+00:00
[2023-06-30T04:09:17.786+0000] {NameGenderCSVtoRedshift_v3.py:45} INFO - load started
[2023-06-30T04:09:21.505+0000] {logging_mixin.py:137} INFO - name 'records' is not defined
[2023-06-30T04:09:21.547+0000] {NameGenderCSVtoRedshift_v3.py:73} INFO - load done
[2023-06-30T04:09:21.548+0000] {python.py:177} INFO - Done. Returned value was: None
[2023-06-30T04:09:21.554+0000] {taskinstance.py:1323} INFO - Marking task as SUCCESS. dag_id=name_gender_v3, task_id=load, execution_date=20230629T020000, start_date=20230630T040917, end_date=20230630T040921
[2023-06-30T04:09:21.571+0000] {local_task_job.py:208} INFO - Task exited with return code 0
[2023-06-30T04:09:21.582+0000] {taskinstance.py:2578} INFO - 0 downstream tasks scheduled from follow-on schedule check
