[2023-06-30T06:39:25.480+0000] {taskinstance.py:1083} INFO - Dependencies all met for <TaskInstance: name_gender_v4.load scheduled__2023-06-29T02:00:00+00:00 [queued]>
[2023-06-30T06:39:25.486+0000] {taskinstance.py:1083} INFO - Dependencies all met for <TaskInstance: name_gender_v4.load scheduled__2023-06-29T02:00:00+00:00 [queued]>
[2023-06-30T06:39:25.486+0000] {taskinstance.py:1279} INFO - 
--------------------------------------------------------------------------------
[2023-06-30T06:39:25.486+0000] {taskinstance.py:1280} INFO - Starting attempt 1 of 2
[2023-06-30T06:39:25.486+0000] {taskinstance.py:1281} INFO - 
--------------------------------------------------------------------------------
[2023-06-30T06:39:25.494+0000] {taskinstance.py:1300} INFO - Executing <Task(PythonOperator): load> on 2023-06-29 02:00:00+00:00
[2023-06-30T06:39:25.497+0000] {standard_task_runner.py:55} INFO - Started process 15996 to run task
[2023-06-30T06:39:25.499+0000] {standard_task_runner.py:82} INFO - Running: ['***', 'tasks', 'run', 'name_gender_v4', 'load', 'scheduled__2023-06-29T02:00:00+00:00', '--job-id', '132', '--raw', '--subdir', 'DAGS_FOLDER/NameGenderCSVtoRedshift_v4.py', '--cfg-path', '/tmp/tmpvj10bapo']
[2023-06-30T06:39:25.499+0000] {standard_task_runner.py:83} INFO - Job 132: Subtask load
[2023-06-30T06:39:25.535+0000] {task_command.py:388} INFO - Running <TaskInstance: name_gender_v4.load scheduled__2023-06-29T02:00:00+00:00 [running]> on host 3e27a434ea90
[2023-06-30T06:39:25.575+0000] {taskinstance.py:1509} INFO - Exporting the following env vars:
AIRFLOW_CTX_DAG_OWNER=***
AIRFLOW_CTX_DAG_ID=name_gender_v4
AIRFLOW_CTX_TASK_ID=load
AIRFLOW_CTX_EXECUTION_DATE=2023-06-29T02:00:00+00:00
AIRFLOW_CTX_TRY_NUMBER=1
AIRFLOW_CTX_DAG_RUN_ID=scheduled__2023-06-29T02:00:00+00:00
[2023-06-30T06:39:25.576+0000] {NameGenderCSVtoRedshift_v4.py:48} INFO - load started
[2023-06-30T06:39:25.586+0000] {base.py:73} INFO - Using connection ID 'redshift_dev_db' for task execution.
[2023-06-30T06:39:25.827+0000] {logging_mixin.py:137} INFO - Adaleigh - F
[2023-06-30T06:39:25.855+0000] {logging_mixin.py:137} INFO - Amryn - Unisex
[2023-06-30T06:39:25.883+0000] {logging_mixin.py:137} INFO - Apurva - Unisex
[2023-06-30T06:39:25.912+0000] {logging_mixin.py:137} INFO - Aryion - M
[2023-06-30T06:39:25.939+0000] {logging_mixin.py:137} INFO - Alixia - F
[2023-06-30T06:39:25.969+0000] {logging_mixin.py:137} INFO - Alyssarose - F
[2023-06-30T06:39:26.003+0000] {logging_mixin.py:137} INFO - Arvell - M
[2023-06-30T06:39:26.034+0000] {logging_mixin.py:137} INFO - Aibel - M
[2023-06-30T06:39:26.061+0000] {logging_mixin.py:137} INFO - Atiyyah - F
[2023-06-30T06:39:26.089+0000] {logging_mixin.py:137} INFO - Adlie - F
[2023-06-30T06:39:26.116+0000] {logging_mixin.py:137} INFO - Anyely - F
[2023-06-30T06:39:26.144+0000] {logging_mixin.py:137} INFO - Aamoni - F
[2023-06-30T06:39:26.172+0000] {logging_mixin.py:137} INFO - Ahman - M
[2023-06-30T06:39:26.202+0000] {logging_mixin.py:137} INFO - Arlane - F
[2023-06-30T06:39:26.229+0000] {logging_mixin.py:137} INFO - Armoney - F
[2023-06-30T06:39:26.257+0000] {logging_mixin.py:137} INFO - Atzhiry - F
[2023-06-30T06:39:26.286+0000] {logging_mixin.py:137} INFO - Antonette - F
[2023-06-30T06:39:26.316+0000] {logging_mixin.py:137} INFO - Akeelah - F
[2023-06-30T06:39:26.345+0000] {logging_mixin.py:137} INFO - Abdikadir - M
[2023-06-30T06:39:26.373+0000] {logging_mixin.py:137} INFO - Arinze - M
[2023-06-30T06:39:26.400+0000] {logging_mixin.py:137} INFO - Arshaun - M
[2023-06-30T06:39:26.428+0000] {logging_mixin.py:137} INFO - Alexandro - M
[2023-06-30T06:39:26.466+0000] {logging_mixin.py:137} INFO - Ayriauna - F
[2023-06-30T06:39:26.497+0000] {logging_mixin.py:137} INFO - Aqib - M
[2023-06-30T06:39:26.530+0000] {logging_mixin.py:137} INFO - Alleya - F
[2023-06-30T06:39:26.569+0000] {logging_mixin.py:137} INFO - Aavah - F
[2023-06-30T06:39:26.601+0000] {logging_mixin.py:137} INFO - Anesti - Unisex
[2023-06-30T06:39:26.631+0000] {logging_mixin.py:137} INFO - Adalaide - F
[2023-06-30T06:39:26.658+0000] {logging_mixin.py:137} INFO - Analena - F
[2023-06-30T06:39:26.682+0000] {logging_mixin.py:137} INFO - Alaeyah - F
[2023-06-30T06:39:26.708+0000] {logging_mixin.py:137} INFO - Albena - F
[2023-06-30T06:39:26.736+0000] {logging_mixin.py:137} INFO - Aimi - F
[2023-06-30T06:39:26.763+0000] {logging_mixin.py:137} INFO - Adwaith - M
[2023-06-30T06:39:26.789+0000] {logging_mixin.py:137} INFO - Arkady - M
[2023-06-30T06:39:26.816+0000] {logging_mixin.py:137} INFO - Astyn - Unisex
[2023-06-30T06:39:26.845+0000] {logging_mixin.py:137} INFO - Adelee - F
[2023-06-30T06:39:26.871+0000] {logging_mixin.py:137} INFO - Agata - F
[2023-06-30T06:39:26.897+0000] {logging_mixin.py:137} INFO - Alegna - F
[2023-06-30T06:39:26.936+0000] {logging_mixin.py:137} INFO - Altan - M
[2023-06-30T06:39:26.963+0000] {logging_mixin.py:137} INFO - Ahnaleigh - F
[2023-06-30T06:39:26.986+0000] {logging_mixin.py:137} INFO - Algie - Unisex
[2023-06-30T06:39:27.011+0000] {logging_mixin.py:137} INFO - Ashanti - F
[2023-06-30T06:39:27.038+0000] {logging_mixin.py:137} INFO - Aislyn - F
[2023-06-30T06:39:27.066+0000] {logging_mixin.py:137} INFO - Adaleine - F
[2023-06-30T06:39:27.093+0000] {logging_mixin.py:137} INFO - Anthnoy - M
[2023-06-30T06:39:27.122+0000] {logging_mixin.py:137} INFO - Algernon - M
[2023-06-30T06:39:27.148+0000] {logging_mixin.py:137} INFO - Aeryona - F
[2023-06-30T06:39:27.180+0000] {logging_mixin.py:137} INFO - Adrinne - F
[2023-06-30T06:39:27.211+0000] {logging_mixin.py:137} INFO - Addell - F
[2023-06-30T06:39:27.237+0000] {logging_mixin.py:137} INFO - Avril - F
[2023-06-30T06:39:27.264+0000] {logging_mixin.py:137} INFO - Ahni - F
[2023-06-30T06:39:27.291+0000] {logging_mixin.py:137} INFO - Aimon - M
[2023-06-30T06:39:27.318+0000] {logging_mixin.py:137} INFO - Adolpho - M
[2023-06-30T06:39:27.344+0000] {logging_mixin.py:137} INFO - Ahuva - F
[2023-06-30T06:39:27.371+0000] {logging_mixin.py:137} INFO - Aurielle - F
[2023-06-30T06:39:27.399+0000] {logging_mixin.py:137} INFO - Aveana - F
[2023-06-30T06:39:27.426+0000] {logging_mixin.py:137} INFO - Aliyia - F
[2023-06-30T06:39:27.452+0000] {logging_mixin.py:137} INFO - Alesander - M
[2023-06-30T06:39:27.482+0000] {logging_mixin.py:137} INFO - Adnrea - F
[2023-06-30T06:39:27.511+0000] {logging_mixin.py:137} INFO - Anjae - F
[2023-06-30T06:39:27.540+0000] {logging_mixin.py:137} INFO - Alvine - F
[2023-06-30T06:39:27.572+0000] {logging_mixin.py:137} INFO - Adorah - F
[2023-06-30T06:39:27.598+0000] {logging_mixin.py:137} INFO - Adlemi - F
[2023-06-30T06:39:27.636+0000] {logging_mixin.py:137} INFO - Alesi - F
[2023-06-30T06:39:27.665+0000] {logging_mixin.py:137} INFO - Alontae - M
[2023-06-30T06:39:27.699+0000] {logging_mixin.py:137} INFO - Antonny - M
[2023-06-30T06:39:27.732+0000] {logging_mixin.py:137} INFO - Adarah - F
[2023-06-30T06:39:27.760+0000] {logging_mixin.py:137} INFO - Ayreanna - F
[2023-06-30T06:39:27.784+0000] {logging_mixin.py:137} INFO - Antyon - M
[2023-06-30T06:39:27.808+0000] {logging_mixin.py:137} INFO - Andia - F
[2023-06-30T06:39:27.836+0000] {logging_mixin.py:137} INFO - Ashla - F
[2023-06-30T06:39:27.861+0000] {logging_mixin.py:137} INFO - Aspyn - F
[2023-06-30T06:39:27.886+0000] {logging_mixin.py:137} INFO - Antwanett - F
[2023-06-30T06:39:27.911+0000] {logging_mixin.py:137} INFO - Aundreia - F
[2023-06-30T06:39:27.940+0000] {logging_mixin.py:137} INFO - Audella - F
[2023-06-30T06:39:27.965+0000] {logging_mixin.py:137} INFO - Amari - Unisex
[2023-06-30T06:39:27.992+0000] {logging_mixin.py:137} INFO - Arsha - Unisex
[2023-06-30T06:39:28.020+0000] {logging_mixin.py:137} INFO - Aricella - F
[2023-06-30T06:39:28.048+0000] {logging_mixin.py:137} INFO - Adan - M
[2023-06-30T06:39:28.076+0000] {logging_mixin.py:137} INFO - Apasra - F
[2023-06-30T06:39:28.102+0000] {logging_mixin.py:137} INFO - Alaysha - F
[2023-06-30T06:39:28.129+0000] {logging_mixin.py:137} INFO - Anderson - M
[2023-06-30T06:39:28.156+0000] {logging_mixin.py:137} INFO - Aurelius - M
[2023-06-30T06:39:28.182+0000] {logging_mixin.py:137} INFO - Aerial - F
[2023-06-30T06:39:28.208+0000] {logging_mixin.py:137} INFO - Averleigh - F
[2023-06-30T06:39:28.235+0000] {logging_mixin.py:137} INFO - Aslean - F
[2023-06-30T06:39:28.263+0000] {logging_mixin.py:137} INFO - Arniesha - F
[2023-06-30T06:39:28.291+0000] {logging_mixin.py:137} INFO - Asyana - F
[2023-06-30T06:39:28.323+0000] {logging_mixin.py:137} INFO - Annjane - F
[2023-06-30T06:39:28.359+0000] {logging_mixin.py:137} INFO - Amabella - F
[2023-06-30T06:39:28.392+0000] {logging_mixin.py:137} INFO - Austinjohn - M
[2023-06-30T06:39:28.435+0000] {logging_mixin.py:137} INFO - Arloween - F
[2023-06-30T06:39:28.464+0000] {logging_mixin.py:137} INFO - Alula - M
[2023-06-30T06:39:28.493+0000] {logging_mixin.py:137} INFO - Anemone - F
[2023-06-30T06:39:28.520+0000] {logging_mixin.py:137} INFO - Amorina - F
[2023-06-30T06:39:28.545+0000] {logging_mixin.py:137} INFO - Anureet - F
[2023-06-30T06:39:28.572+0000] {logging_mixin.py:137} INFO - Arric - M
[2023-06-30T06:39:28.601+0000] {logging_mixin.py:137} INFO - Antonne - M
[2023-06-30T06:39:28.629+0000] {logging_mixin.py:137} INFO - Alyre - M
[2023-06-30T06:39:28.657+0000] {logging_mixin.py:137} INFO - Annaise - F
[2023-06-30T06:39:28.729+0000] {NameGenderCSVtoRedshift_v4.py:77} INFO - load done
[2023-06-30T06:39:28.730+0000] {python.py:177} INFO - Done. Returned value was: None
[2023-06-30T06:39:28.737+0000] {taskinstance.py:1323} INFO - Marking task as SUCCESS. dag_id=name_gender_v4, task_id=load, execution_date=20230629T020000, start_date=20230630T063925, end_date=20230630T063928
[2023-06-30T06:39:28.760+0000] {local_task_job.py:208} INFO - Task exited with return code 0
[2023-06-30T06:39:28.770+0000] {taskinstance.py:2578} INFO - 0 downstream tasks scheduled from follow-on schedule check
