[2023-06-30T04:09:15.131+0000] {taskinstance.py:1083} INFO - Dependencies all met for <TaskInstance: HelloWorld_v2.print_goodbye scheduled__2023-06-29T02:00:00+00:00 [queued]>
[2023-06-30T04:09:15.138+0000] {taskinstance.py:1083} INFO - Dependencies all met for <TaskInstance: HelloWorld_v2.print_goodbye scheduled__2023-06-29T02:00:00+00:00 [queued]>
[2023-06-30T04:09:15.138+0000] {taskinstance.py:1279} INFO - 
--------------------------------------------------------------------------------
[2023-06-30T04:09:15.138+0000] {taskinstance.py:1280} INFO - Starting attempt 1 of 1
[2023-06-30T04:09:15.139+0000] {taskinstance.py:1281} INFO - 
--------------------------------------------------------------------------------
[2023-06-30T04:09:15.147+0000] {taskinstance.py:1300} INFO - Executing <Task(_PythonDecoratedOperator): print_goodbye> on 2023-06-29 02:00:00+00:00
[2023-06-30T04:09:15.151+0000] {standard_task_runner.py:55} INFO - Started process 115 to run task
[2023-06-30T04:09:15.152+0000] {standard_task_runner.py:82} INFO - Running: ['***', 'tasks', 'run', 'HelloWorld_v2', 'print_goodbye', 'scheduled__2023-06-29T02:00:00+00:00', '--job-id', '113', '--raw', '--subdir', 'DAGS_FOLDER/HelloWorld_v2.py', '--cfg-path', '/tmp/tmpe2gwsou6']
[2023-06-30T04:09:15.153+0000] {standard_task_runner.py:83} INFO - Job 113: Subtask print_goodbye
[2023-06-30T04:09:15.189+0000] {task_command.py:388} INFO - Running <TaskInstance: HelloWorld_v2.print_goodbye scheduled__2023-06-29T02:00:00+00:00 [running]> on host 14de859c71f6
[2023-06-30T04:09:15.229+0000] {taskinstance.py:1509} INFO - Exporting the following env vars:
AIRFLOW_CTX_DAG_OWNER=***
AIRFLOW_CTX_DAG_ID=HelloWorld_v2
AIRFLOW_CTX_TASK_ID=print_goodbye
AIRFLOW_CTX_EXECUTION_DATE=2023-06-29T02:00:00+00:00
AIRFLOW_CTX_TRY_NUMBER=1
AIRFLOW_CTX_DAG_RUN_ID=scheduled__2023-06-29T02:00:00+00:00
[2023-06-30T04:09:15.230+0000] {logging_mixin.py:137} INFO - goodbye!
[2023-06-30T04:09:15.230+0000] {python.py:177} INFO - Done. Returned value was: goodbye!
[2023-06-30T04:09:15.242+0000] {taskinstance.py:1323} INFO - Marking task as SUCCESS. dag_id=HelloWorld_v2, task_id=print_goodbye, execution_date=20230629T020000, start_date=20230630T040915, end_date=20230630T040915
[2023-06-30T04:09:15.284+0000] {local_task_job.py:208} INFO - Task exited with return code 0
[2023-06-30T04:09:15.294+0000] {taskinstance.py:2578} INFO - 0 downstream tasks scheduled from follow-on schedule check
