[2023-06-29T09:57:23.987+0000] {taskinstance.py:1083} INFO - Dependencies all met for <TaskInstance: namegender_v5.load manual__2023-06-29T09:57:20.315002+00:00 [queued]>
[2023-06-29T09:57:23.992+0000] {taskinstance.py:1083} INFO - Dependencies all met for <TaskInstance: namegender_v5.load manual__2023-06-29T09:57:20.315002+00:00 [queued]>
[2023-06-29T09:57:23.993+0000] {taskinstance.py:1279} INFO - 
--------------------------------------------------------------------------------
[2023-06-29T09:57:23.993+0000] {taskinstance.py:1280} INFO - Starting attempt 1 of 2
[2023-06-29T09:57:23.993+0000] {taskinstance.py:1281} INFO - 
--------------------------------------------------------------------------------
[2023-06-29T09:57:24.001+0000] {taskinstance.py:1300} INFO - Executing <Task(_PythonDecoratedOperator): load> on 2023-06-29 09:57:20.315002+00:00
[2023-06-29T09:57:24.005+0000] {standard_task_runner.py:55} INFO - Started process 1303 to run task
[2023-06-29T09:57:24.006+0000] {standard_task_runner.py:82} INFO - Running: ['***', 'tasks', 'run', 'namegender_v5', 'load', 'manual__2023-06-29T09:57:20.315002+00:00', '--job-id', '99', '--raw', '--subdir', 'DAGS_FOLDER/NameGenderCSVtoRedshift_v5.py', '--cfg-path', '/tmp/tmpgflck_wp']
[2023-06-29T09:57:24.006+0000] {standard_task_runner.py:83} INFO - Job 99: Subtask load
[2023-06-29T09:57:24.038+0000] {task_command.py:388} INFO - Running <TaskInstance: namegender_v5.load manual__2023-06-29T09:57:20.315002+00:00 [running]> on host 14de859c71f6
[2023-06-29T09:57:24.082+0000] {taskinstance.py:1509} INFO - Exporting the following env vars:
AIRFLOW_CTX_DAG_OWNER=***
AIRFLOW_CTX_DAG_ID=namegender_v5
AIRFLOW_CTX_TASK_ID=load
AIRFLOW_CTX_EXECUTION_DATE=2023-06-29T09:57:20.315002+00:00
AIRFLOW_CTX_TRY_NUMBER=1
AIRFLOW_CTX_DAG_RUN_ID=manual__2023-06-29T09:57:20.315002+00:00
[2023-06-29T09:57:24.083+0000] {NameGenderCSVtoRedshift_v5.py:40} INFO - load started
[2023-06-29T09:57:24.087+0000] {base.py:73} INFO - Using connection ID 'redshift_dev_db' for task execution.
[2023-06-29T09:57:24.326+0000] {logging_mixin.py:137} INFO - Adaleigh - F
[2023-06-29T09:57:24.353+0000] {logging_mixin.py:137} INFO - Amryn - Unisex
[2023-06-29T09:57:24.397+0000] {logging_mixin.py:137} INFO - Apurva - Unisex
[2023-06-29T09:57:24.488+0000] {logging_mixin.py:137} INFO - Aryion - M
[2023-06-29T09:57:24.548+0000] {logging_mixin.py:137} INFO - Alixia - F
[2023-06-29T09:57:24.578+0000] {logging_mixin.py:137} INFO - Alyssarose - F
[2023-06-29T09:57:24.611+0000] {logging_mixin.py:137} INFO - Arvell - M
[2023-06-29T09:57:24.646+0000] {logging_mixin.py:137} INFO - Aibel - M
[2023-06-29T09:57:24.698+0000] {logging_mixin.py:137} INFO - Atiyyah - F
[2023-06-29T09:57:24.777+0000] {logging_mixin.py:137} INFO - Adlie - F
[2023-06-29T09:57:24.833+0000] {logging_mixin.py:137} INFO - Anyely - F
[2023-06-29T09:57:24.865+0000] {logging_mixin.py:137} INFO - Aamoni - F
[2023-06-29T09:57:24.899+0000] {logging_mixin.py:137} INFO - Ahman - M
[2023-06-29T09:57:24.936+0000] {logging_mixin.py:137} INFO - Arlane - F
[2023-06-29T09:57:24.991+0000] {logging_mixin.py:137} INFO - Armoney - F
[2023-06-29T09:57:25.050+0000] {logging_mixin.py:137} INFO - Atzhiry - F
[2023-06-29T09:57:25.134+0000] {logging_mixin.py:137} INFO - Antonette - F
[2023-06-29T09:57:25.173+0000] {logging_mixin.py:137} INFO - Akeelah - F
[2023-06-29T09:57:25.205+0000] {logging_mixin.py:137} INFO - Abdikadir - M
[2023-06-29T09:57:25.262+0000] {logging_mixin.py:137} INFO - Arinze - M
[2023-06-29T09:57:25.353+0000] {logging_mixin.py:137} INFO - Arshaun - M
[2023-06-29T09:57:25.426+0000] {logging_mixin.py:137} INFO - Alexandro - M
[2023-06-29T09:57:25.462+0000] {logging_mixin.py:137} INFO - Ayriauna - F
[2023-06-29T09:57:25.498+0000] {logging_mixin.py:137} INFO - Aqib - M
[2023-06-29T09:57:25.534+0000] {logging_mixin.py:137} INFO - Alleya - F
[2023-06-29T09:57:25.574+0000] {logging_mixin.py:137} INFO - Aavah - F
[2023-06-29T09:57:25.653+0000] {logging_mixin.py:137} INFO - Anesti - Unisex
[2023-06-29T09:57:25.706+0000] {logging_mixin.py:137} INFO - Adalaide - F
[2023-06-29T09:57:25.750+0000] {logging_mixin.py:137} INFO - Analena - F
[2023-06-29T09:57:25.784+0000] {logging_mixin.py:137} INFO - Alaeyah - F
[2023-06-29T09:57:25.822+0000] {logging_mixin.py:137} INFO - Albena - F
[2023-06-29T09:57:25.873+0000] {logging_mixin.py:137} INFO - Aimi - F
[2023-06-29T09:57:25.974+0000] {logging_mixin.py:137} INFO - Adwaith - M
[2023-06-29T09:57:26.051+0000] {logging_mixin.py:137} INFO - Arkady - M
[2023-06-29T09:57:26.085+0000] {logging_mixin.py:137} INFO - Astyn - Unisex
[2023-06-29T09:57:26.120+0000] {logging_mixin.py:137} INFO - Adelee - F
[2023-06-29T09:57:26.155+0000] {logging_mixin.py:137} INFO - Agata - F
[2023-06-29T09:57:26.214+0000] {logging_mixin.py:137} INFO - Alegna - F
[2023-06-29T09:57:26.289+0000] {logging_mixin.py:137} INFO - Altan - M
[2023-06-29T09:57:26.374+0000] {logging_mixin.py:137} INFO - Ahnaleigh - F
[2023-06-29T09:57:26.416+0000] {logging_mixin.py:137} INFO - Algie - Unisex
[2023-06-29T09:57:26.453+0000] {logging_mixin.py:137} INFO - Ashanti - F
[2023-06-29T09:57:26.490+0000] {logging_mixin.py:137} INFO - Aislyn - F
[2023-06-29T09:57:26.558+0000] {logging_mixin.py:137} INFO - Adaleine - F
[2023-06-29T09:57:26.644+0000] {logging_mixin.py:137} INFO - Anthnoy - M
[2023-06-29T09:57:26.722+0000] {logging_mixin.py:137} INFO - Algernon - M
[2023-06-29T09:57:26.756+0000] {logging_mixin.py:137} INFO - Aeryona - F
[2023-06-29T09:57:26.792+0000] {logging_mixin.py:137} INFO - Adrinne - F
[2023-06-29T09:57:26.832+0000] {logging_mixin.py:137} INFO - Addell - F
[2023-06-29T09:57:26.890+0000] {logging_mixin.py:137} INFO - Avril - F
[2023-06-29T09:57:26.961+0000] {logging_mixin.py:137} INFO - Ahni - F
[2023-06-29T09:57:27.069+0000] {logging_mixin.py:137} INFO - Aimon - M
[2023-06-29T09:57:27.106+0000] {logging_mixin.py:137} INFO - Adolpho - M
[2023-06-29T09:57:27.141+0000] {logging_mixin.py:137} INFO - Ahuva - F
[2023-06-29T09:57:27.234+0000] {logging_mixin.py:137} INFO - Aurielle - F
[2023-06-29T09:57:27.279+0000] {logging_mixin.py:137} INFO - Aveana - F
[2023-06-29T09:57:27.359+0000] {logging_mixin.py:137} INFO - Aliyia - F
[2023-06-29T09:57:27.392+0000] {logging_mixin.py:137} INFO - Alesander - M
[2023-06-29T09:57:27.444+0000] {logging_mixin.py:137} INFO - Adnrea - F
[2023-06-29T09:57:27.537+0000] {logging_mixin.py:137} INFO - Anjae - F
[2023-06-29T09:57:27.641+0000] {logging_mixin.py:137} INFO - Alvine - F
[2023-06-29T09:57:27.669+0000] {logging_mixin.py:137} INFO - Adorah - F
[2023-06-29T09:57:27.697+0000] {logging_mixin.py:137} INFO - Adlemi - F
[2023-06-29T09:57:27.742+0000] {logging_mixin.py:137} INFO - Alesi - F
[2023-06-29T09:57:27.784+0000] {logging_mixin.py:137} INFO - Alontae - M
[2023-06-29T09:57:27.814+0000] {logging_mixin.py:137} INFO - Antonny - M
[2023-06-29T09:57:27.895+0000] {logging_mixin.py:137} INFO - Adarah - F
[2023-06-29T09:57:27.924+0000] {logging_mixin.py:137} INFO - Ayreanna - F
[2023-06-29T09:57:27.958+0000] {logging_mixin.py:137} INFO - Antyon - M
[2023-06-29T09:57:28.003+0000] {logging_mixin.py:137} INFO - Andia - F
[2023-06-29T09:57:28.058+0000] {logging_mixin.py:137} INFO - Ashla - F
[2023-06-29T09:57:28.102+0000] {logging_mixin.py:137} INFO - Aspyn - F
[2023-06-29T09:57:28.163+0000] {logging_mixin.py:137} INFO - Antwanett - F
[2023-06-29T09:57:28.194+0000] {logging_mixin.py:137} INFO - Aundreia - F
[2023-06-29T09:57:28.226+0000] {logging_mixin.py:137} INFO - Audella - F
[2023-06-29T09:57:28.284+0000] {logging_mixin.py:137} INFO - Amari - Unisex
[2023-06-29T09:57:28.327+0000] {logging_mixin.py:137} INFO - Arsha - Unisex
[2023-06-29T09:57:28.359+0000] {logging_mixin.py:137} INFO - Aricella - F
[2023-06-29T09:57:28.433+0000] {logging_mixin.py:137} INFO - Adan - M
[2023-06-29T09:57:28.460+0000] {logging_mixin.py:137} INFO - Apasra - F
[2023-06-29T09:57:28.503+0000] {logging_mixin.py:137} INFO - Alaysha - F
[2023-06-29T09:57:28.569+0000] {logging_mixin.py:137} INFO - Anderson - M
[2023-06-29T09:57:28.635+0000] {logging_mixin.py:137} INFO - Aurelius - M
[2023-06-29T09:57:28.688+0000] {logging_mixin.py:137} INFO - Aerial - F
[2023-06-29T09:57:28.738+0000] {logging_mixin.py:137} INFO - Averleigh - F
[2023-06-29T09:57:28.769+0000] {logging_mixin.py:137} INFO - Aslean - F
[2023-06-29T09:57:28.802+0000] {logging_mixin.py:137} INFO - Arniesha - F
[2023-06-29T09:57:28.855+0000] {logging_mixin.py:137} INFO - Asyana - F
[2023-06-29T09:57:28.899+0000] {logging_mixin.py:137} INFO - Annjane - F
[2023-06-29T09:57:28.934+0000] {logging_mixin.py:137} INFO - Amabella - F
[2023-06-29T09:57:29.006+0000] {logging_mixin.py:137} INFO - Austinjohn - M
[2023-06-29T09:57:29.034+0000] {logging_mixin.py:137} INFO - Arloween - F
[2023-06-29T09:57:29.063+0000] {logging_mixin.py:137} INFO - Alula - M
[2023-06-29T09:57:29.107+0000] {logging_mixin.py:137} INFO - Anemone - F
[2023-06-29T09:57:29.175+0000] {logging_mixin.py:137} INFO - Amorina - F
[2023-06-29T09:57:29.213+0000] {logging_mixin.py:137} INFO - Anureet - F
[2023-06-29T09:57:29.277+0000] {logging_mixin.py:137} INFO - Arric - M
[2023-06-29T09:57:29.306+0000] {logging_mixin.py:137} INFO - Antonne - M
[2023-06-29T09:57:29.344+0000] {logging_mixin.py:137} INFO - Alyre - M
[2023-06-29T09:57:29.373+0000] {logging_mixin.py:137} INFO - Annaise - F
[2023-06-29T09:57:29.498+0000] {NameGenderCSVtoRedshift_v5.py:64} INFO - load done
[2023-06-29T09:57:29.499+0000] {python.py:177} INFO - Done. Returned value was: None
[2023-06-29T09:57:29.504+0000] {taskinstance.py:1323} INFO - Marking task as SUCCESS. dag_id=namegender_v5, task_id=load, execution_date=20230629T095720, start_date=20230629T095723, end_date=20230629T095729
[2023-06-29T09:57:29.545+0000] {local_task_job.py:208} INFO - Task exited with return code 0
[2023-06-29T09:57:29.556+0000] {taskinstance.py:2578} INFO - 0 downstream tasks scheduled from follow-on schedule check
