[2023-06-30T13:31:48.369+0000] {taskinstance.py:1083} INFO - Dependencies all met for <TaskInstance: UpdateSymbol_v2.get_historical_prices scheduled__2023-06-29T10:00:00+00:00 [queued]>
[2023-06-30T13:31:48.375+0000] {taskinstance.py:1083} INFO - Dependencies all met for <TaskInstance: UpdateSymbol_v2.get_historical_prices scheduled__2023-06-29T10:00:00+00:00 [queued]>
[2023-06-30T13:31:48.375+0000] {taskinstance.py:1279} INFO - 
--------------------------------------------------------------------------------
[2023-06-30T13:31:48.375+0000] {taskinstance.py:1280} INFO - Starting attempt 1 of 1
[2023-06-30T13:31:48.375+0000] {taskinstance.py:1281} INFO - 
--------------------------------------------------------------------------------
[2023-06-30T13:31:48.384+0000] {taskinstance.py:1300} INFO - Executing <Task(_PythonDecoratedOperator): get_historical_prices> on 2023-06-29 10:00:00+00:00
[2023-06-30T13:31:48.387+0000] {standard_task_runner.py:55} INFO - Started process 87 to run task
[2023-06-30T13:31:48.389+0000] {standard_task_runner.py:82} INFO - Running: ['***', 'tasks', 'run', 'UpdateSymbol_v2', 'get_historical_prices', 'scheduled__2023-06-29T10:00:00+00:00', '--job-id', '136', '--raw', '--subdir', 'DAGS_FOLDER/UpdateSymbol_v2.py', '--cfg-path', '/tmp/tmpbdk_19ns']
[2023-06-30T13:31:48.390+0000] {standard_task_runner.py:83} INFO - Job 136: Subtask get_historical_prices
[2023-06-30T13:31:48.427+0000] {task_command.py:388} INFO - Running <TaskInstance: UpdateSymbol_v2.get_historical_prices scheduled__2023-06-29T10:00:00+00:00 [running]> on host 3e27a434ea90
[2023-06-30T13:31:48.469+0000] {taskinstance.py:1509} INFO - Exporting the following env vars:
AIRFLOW_CTX_DAG_OWNER=***
AIRFLOW_CTX_DAG_ID=UpdateSymbol_v2
AIRFLOW_CTX_TASK_ID=get_historical_prices
AIRFLOW_CTX_EXECUTION_DATE=2023-06-29T10:00:00+00:00
AIRFLOW_CTX_TRY_NUMBER=1
AIRFLOW_CTX_DAG_RUN_ID=scheduled__2023-06-29T10:00:00+00:00
[2023-06-30T13:31:49.111+0000] {python.py:177} INFO - Done. Returned value was: [['2023-05-30 00:00:00', 176.9600067138672, 178.99000549316406, 176.57000732421875, 177.3000030517578, 55964400.0], ['2023-05-31 00:00:00', 177.3300018310547, 179.35000610351562, 176.75999450683594, 177.25, 99625300.0], ['2023-06-01 00:00:00', 177.6999969482422, 180.1199951171875, 176.92999267578125, 180.08999633789062, 68901800.0], ['2023-06-02 00:00:00', 181.02999877929688, 181.77999877929688, 179.25999450683594, 180.9499969482422, 61945900.0], ['2023-06-05 00:00:00', 182.6300048828125, 184.9499969482422, 178.0399932861328, 179.5800018310547, 121946500.0], ['2023-06-06 00:00:00', 179.97000122070312, 180.1199951171875, 177.42999267578125, 179.2100067138672, 64848400.0], ['2023-06-07 00:00:00', 178.44000244140625, 181.2100067138672, 177.32000732421875, 177.82000732421875, 61944600.0], ['2023-06-08 00:00:00', 177.89999389648438, 180.83999633789062, 177.4600067138672, 180.57000732421875, 50214900.0], ['2023-06-09 00:00:00', 181.5, 182.22999572753906, 180.6300048828125, 180.9600067138672, 48870700.0], ['2023-06-12 00:00:00', 181.27000427246094, 183.88999938964844, 180.97000122070312, 183.7899932861328, 54274900.0], ['2023-06-13 00:00:00', 182.8000030517578, 184.14999389648438, 182.44000244140625, 183.30999755859375, 54929100.0], ['2023-06-14 00:00:00', 183.3699951171875, 184.38999938964844, 182.02000427246094, 183.9499969482422, 57462900.0], ['2023-06-15 00:00:00', 183.9600067138672, 186.52000427246094, 183.77999877929688, 186.00999450683594, 65433200.0], ['2023-06-16 00:00:00', 186.72999572753906, 186.99000549316406, 184.27000427246094, 184.9199981689453, 101235600.0], ['2023-06-20 00:00:00', 184.41000366210938, 186.10000610351562, 184.41000366210938, 185.00999450683594, 49799100.0], ['2023-06-21 00:00:00', 184.89999389648438, 185.41000366210938, 182.58999633789062, 183.9600067138672, 49515700.0], ['2023-06-22 00:00:00', 183.74000549316406, 187.0500030517578, 183.6699981689453, 187.0, 51245300.0], ['2023-06-23 00:00:00', 185.5500030517578, 187.55999755859375, 185.00999450683594, 186.67999267578125, 53079300.0], ['2023-06-26 00:00:00', 186.8300018310547, 188.0500030517578, 185.22999572753906, 185.27000427246094, 48088700.0], ['2023-06-27 00:00:00', 185.88999938964844, 188.38999938964844, 185.6699981689453, 188.05999755859375, 50730800.0], ['2023-06-28 00:00:00', 187.92999267578125, 189.89999389648438, 187.60000610351562, 189.25, 51216800.0], ['2023-06-29 00:00:00', 189.0800018310547, 190.07000732421875, 188.94000244140625, 189.58999633789062, 46126000.0], ['2023-06-30 00:00:00', 189.0800018310547, 191.88999938964844, 191.27999877929688, 191.7100067138672, 3878134.0]]
[2023-06-30T13:31:49.127+0000] {taskinstance.py:1323} INFO - Marking task as SUCCESS. dag_id=UpdateSymbol_v2, task_id=get_historical_prices, execution_date=20230629T100000, start_date=20230630T133148, end_date=20230630T133149
[2023-06-30T13:31:49.163+0000] {local_task_job.py:208} INFO - Task exited with return code 0
[2023-06-30T13:31:49.177+0000] {taskinstance.py:2578} INFO - 1 downstream tasks scheduled from follow-on schedule check
