[2023-06-30T04:09:14.311+0000] {taskinstance.py:1083} INFO - Dependencies all met for <TaskInstance: HelloWorld.print_hello scheduled__2023-06-29T02:00:00+00:00 [queued]>
[2023-06-30T04:09:14.319+0000] {taskinstance.py:1083} INFO - Dependencies all met for <TaskInstance: HelloWorld.print_hello scheduled__2023-06-29T02:00:00+00:00 [queued]>
[2023-06-30T04:09:14.319+0000] {taskinstance.py:1279} INFO - 
--------------------------------------------------------------------------------
[2023-06-30T04:09:14.319+0000] {taskinstance.py:1280} INFO - Starting attempt 1 of 1
[2023-06-30T04:09:14.319+0000] {taskinstance.py:1281} INFO - 
--------------------------------------------------------------------------------
[2023-06-30T04:09:14.329+0000] {taskinstance.py:1300} INFO - Executing <Task(PythonOperator): print_hello> on 2023-06-29 02:00:00+00:00
[2023-06-30T04:09:14.333+0000] {standard_task_runner.py:55} INFO - Started process 108 to run task
[2023-06-30T04:09:14.335+0000] {standard_task_runner.py:82} INFO - Running: ['***', 'tasks', 'run', 'HelloWorld', 'print_hello', 'scheduled__2023-06-29T02:00:00+00:00', '--job-id', '108', '--raw', '--subdir', 'DAGS_FOLDER/HelloWorld.py', '--cfg-path', '/tmp/tmpcogm_by_']
[2023-06-30T04:09:14.335+0000] {standard_task_runner.py:83} INFO - Job 108: Subtask print_hello
[2023-06-30T04:09:14.377+0000] {task_command.py:388} INFO - Running <TaskInstance: HelloWorld.print_hello scheduled__2023-06-29T02:00:00+00:00 [running]> on host 14de859c71f6
[2023-06-30T04:09:14.429+0000] {taskinstance.py:1509} INFO - Exporting the following env vars:
AIRFLOW_CTX_DAG_OWNER=***
AIRFLOW_CTX_DAG_ID=HelloWorld
AIRFLOW_CTX_TASK_ID=print_hello
AIRFLOW_CTX_EXECUTION_DATE=2023-06-29T02:00:00+00:00
AIRFLOW_CTX_TRY_NUMBER=1
AIRFLOW_CTX_DAG_RUN_ID=scheduled__2023-06-29T02:00:00+00:00
[2023-06-30T04:09:14.430+0000] {logging_mixin.py:137} INFO - hello!
[2023-06-30T04:09:14.430+0000] {python.py:177} INFO - Done. Returned value was: hello!
[2023-06-30T04:09:14.444+0000] {taskinstance.py:1323} INFO - Marking task as SUCCESS. dag_id=HelloWorld, task_id=print_hello, execution_date=20230629T020000, start_date=20230630T040914, end_date=20230630T040914
[2023-06-30T04:09:14.467+0000] {local_task_job.py:208} INFO - Task exited with return code 0
[2023-06-30T04:09:14.479+0000] {taskinstance.py:2578} INFO - 1 downstream tasks scheduled from follow-on schedule check
