[2023-06-30T04:09:17.689+0000] {taskinstance.py:1083} INFO - Dependencies all met for <TaskInstance: namegender_v5.load scheduled__2023-06-29T02:00:00+00:00 [queued]>
[2023-06-30T04:09:17.695+0000] {taskinstance.py:1083} INFO - Dependencies all met for <TaskInstance: namegender_v5.load scheduled__2023-06-29T02:00:00+00:00 [queued]>
[2023-06-30T04:09:17.695+0000] {taskinstance.py:1279} INFO - 
--------------------------------------------------------------------------------
[2023-06-30T04:09:17.695+0000] {taskinstance.py:1280} INFO - Starting attempt 1 of 2
[2023-06-30T04:09:17.695+0000] {taskinstance.py:1281} INFO - 
--------------------------------------------------------------------------------
[2023-06-30T04:09:17.704+0000] {taskinstance.py:1300} INFO - Executing <Task(_PythonDecoratedOperator): load> on 2023-06-29 02:00:00+00:00
[2023-06-30T04:09:17.707+0000] {standard_task_runner.py:55} INFO - Started process 122 to run task
[2023-06-30T04:09:17.709+0000] {standard_task_runner.py:82} INFO - Running: ['***', 'tasks', 'run', 'namegender_v5', 'load', 'scheduled__2023-06-29T02:00:00+00:00', '--job-id', '116', '--raw', '--subdir', 'DAGS_FOLDER/NameGenderCSVtoRedshift_v5.py', '--cfg-path', '/tmp/tmp2489ofxn']
[2023-06-30T04:09:17.709+0000] {standard_task_runner.py:83} INFO - Job 116: Subtask load
[2023-06-30T04:09:17.745+0000] {task_command.py:388} INFO - Running <TaskInstance: namegender_v5.load scheduled__2023-06-29T02:00:00+00:00 [running]> on host 14de859c71f6
[2023-06-30T04:09:17.791+0000] {taskinstance.py:1509} INFO - Exporting the following env vars:
AIRFLOW_CTX_DAG_OWNER=***
AIRFLOW_CTX_DAG_ID=namegender_v5
AIRFLOW_CTX_TASK_ID=load
AIRFLOW_CTX_EXECUTION_DATE=2023-06-29T02:00:00+00:00
AIRFLOW_CTX_TRY_NUMBER=1
AIRFLOW_CTX_DAG_RUN_ID=scheduled__2023-06-29T02:00:00+00:00
[2023-06-30T04:09:17.791+0000] {NameGenderCSVtoRedshift_v5.py:40} INFO - load started
[2023-06-30T04:09:17.797+0000] {base.py:73} INFO - Using connection ID 'redshift_dev_db' for task execution.
[2023-06-30T04:09:21.588+0000] {logging_mixin.py:137} INFO - Adaleigh - F
[2023-06-30T04:09:21.615+0000] {logging_mixin.py:137} INFO - Amryn - Unisex
[2023-06-30T04:09:21.645+0000] {logging_mixin.py:137} INFO - Apurva - Unisex
[2023-06-30T04:09:21.672+0000] {logging_mixin.py:137} INFO - Aryion - M
[2023-06-30T04:09:21.706+0000] {logging_mixin.py:137} INFO - Alixia - F
[2023-06-30T04:09:21.738+0000] {logging_mixin.py:137} INFO - Alyssarose - F
[2023-06-30T04:09:21.765+0000] {logging_mixin.py:137} INFO - Arvell - M
[2023-06-30T04:09:21.796+0000] {logging_mixin.py:137} INFO - Aibel - M
[2023-06-30T04:09:21.825+0000] {logging_mixin.py:137} INFO - Atiyyah - F
[2023-06-30T04:09:21.861+0000] {logging_mixin.py:137} INFO - Adlie - F
[2023-06-30T04:09:21.892+0000] {logging_mixin.py:137} INFO - Anyely - F
[2023-06-30T04:09:21.919+0000] {logging_mixin.py:137} INFO - Aamoni - F
[2023-06-30T04:09:21.955+0000] {logging_mixin.py:137} INFO - Ahman - M
[2023-06-30T04:09:21.988+0000] {logging_mixin.py:137} INFO - Arlane - F
[2023-06-30T04:09:22.019+0000] {logging_mixin.py:137} INFO - Armoney - F
[2023-06-30T04:09:22.052+0000] {logging_mixin.py:137} INFO - Atzhiry - F
[2023-06-30T04:09:22.083+0000] {logging_mixin.py:137} INFO - Antonette - F
[2023-06-30T04:09:22.117+0000] {logging_mixin.py:137} INFO - Akeelah - F
[2023-06-30T04:09:22.150+0000] {logging_mixin.py:137} INFO - Abdikadir - M
[2023-06-30T04:09:22.187+0000] {logging_mixin.py:137} INFO - Arinze - M
[2023-06-30T04:09:22.218+0000] {logging_mixin.py:137} INFO - Arshaun - M
[2023-06-30T04:09:22.250+0000] {logging_mixin.py:137} INFO - Alexandro - M
[2023-06-30T04:09:22.286+0000] {logging_mixin.py:137} INFO - Ayriauna - F
[2023-06-30T04:09:22.318+0000] {logging_mixin.py:137} INFO - Aqib - M
[2023-06-30T04:09:22.344+0000] {logging_mixin.py:137} INFO - Alleya - F
[2023-06-30T04:09:22.372+0000] {logging_mixin.py:137} INFO - Aavah - F
[2023-06-30T04:09:22.401+0000] {logging_mixin.py:137} INFO - Anesti - Unisex
[2023-06-30T04:09:22.439+0000] {logging_mixin.py:137} INFO - Adalaide - F
[2023-06-30T04:09:22.471+0000] {logging_mixin.py:137} INFO - Analena - F
[2023-06-30T04:09:22.500+0000] {logging_mixin.py:137} INFO - Alaeyah - F
[2023-06-30T04:09:22.533+0000] {logging_mixin.py:137} INFO - Albena - F
[2023-06-30T04:09:22.559+0000] {logging_mixin.py:137} INFO - Aimi - F
[2023-06-30T04:09:22.585+0000] {logging_mixin.py:137} INFO - Adwaith - M
[2023-06-30T04:09:22.617+0000] {logging_mixin.py:137} INFO - Arkady - M
[2023-06-30T04:09:22.655+0000] {logging_mixin.py:137} INFO - Astyn - Unisex
[2023-06-30T04:09:22.682+0000] {logging_mixin.py:137} INFO - Adelee - F
[2023-06-30T04:09:22.715+0000] {logging_mixin.py:137} INFO - Agata - F
[2023-06-30T04:09:22.740+0000] {logging_mixin.py:137} INFO - Alegna - F
[2023-06-30T04:09:22.764+0000] {logging_mixin.py:137} INFO - Altan - M
[2023-06-30T04:09:22.787+0000] {logging_mixin.py:137} INFO - Ahnaleigh - F
[2023-06-30T04:09:22.819+0000] {logging_mixin.py:137} INFO - Algie - Unisex
[2023-06-30T04:09:22.846+0000] {logging_mixin.py:137} INFO - Ashanti - F
[2023-06-30T04:09:22.872+0000] {logging_mixin.py:137} INFO - Aislyn - F
[2023-06-30T04:09:22.910+0000] {logging_mixin.py:137} INFO - Adaleine - F
[2023-06-30T04:09:22.948+0000] {logging_mixin.py:137} INFO - Anthnoy - M
[2023-06-30T04:09:22.977+0000] {logging_mixin.py:137} INFO - Algernon - M
[2023-06-30T04:09:23.001+0000] {logging_mixin.py:137} INFO - Aeryona - F
[2023-06-30T04:09:23.026+0000] {logging_mixin.py:137} INFO - Adrinne - F
[2023-06-30T04:09:23.052+0000] {logging_mixin.py:137} INFO - Addell - F
[2023-06-30T04:09:23.078+0000] {logging_mixin.py:137} INFO - Avril - F
[2023-06-30T04:09:23.109+0000] {logging_mixin.py:137} INFO - Ahni - F
[2023-06-30T04:09:23.143+0000] {logging_mixin.py:137} INFO - Aimon - M
[2023-06-30T04:09:23.171+0000] {logging_mixin.py:137} INFO - Adolpho - M
[2023-06-30T04:09:23.195+0000] {logging_mixin.py:137} INFO - Ahuva - F
[2023-06-30T04:09:23.221+0000] {logging_mixin.py:137} INFO - Aurielle - F
[2023-06-30T04:09:23.247+0000] {logging_mixin.py:137} INFO - Aveana - F
[2023-06-30T04:09:23.275+0000] {logging_mixin.py:137} INFO - Aliyia - F
[2023-06-30T04:09:23.301+0000] {logging_mixin.py:137} INFO - Alesander - M
[2023-06-30T04:09:23.326+0000] {logging_mixin.py:137} INFO - Adnrea - F
[2023-06-30T04:09:23.351+0000] {logging_mixin.py:137} INFO - Anjae - F
[2023-06-30T04:09:23.379+0000] {logging_mixin.py:137} INFO - Alvine - F
[2023-06-30T04:09:23.405+0000] {logging_mixin.py:137} INFO - Adorah - F
[2023-06-30T04:09:23.430+0000] {logging_mixin.py:137} INFO - Adlemi - F
[2023-06-30T04:09:23.456+0000] {logging_mixin.py:137} INFO - Alesi - F
[2023-06-30T04:09:23.480+0000] {logging_mixin.py:137} INFO - Alontae - M
[2023-06-30T04:09:23.506+0000] {logging_mixin.py:137} INFO - Antonny - M
[2023-06-30T04:09:23.529+0000] {logging_mixin.py:137} INFO - Adarah - F
[2023-06-30T04:09:23.554+0000] {logging_mixin.py:137} INFO - Ayreanna - F
[2023-06-30T04:09:23.584+0000] {logging_mixin.py:137} INFO - Antyon - M
[2023-06-30T04:09:23.616+0000] {logging_mixin.py:137} INFO - Andia - F
[2023-06-30T04:09:23.643+0000] {logging_mixin.py:137} INFO - Ashla - F
[2023-06-30T04:09:23.666+0000] {logging_mixin.py:137} INFO - Aspyn - F
[2023-06-30T04:09:23.693+0000] {logging_mixin.py:137} INFO - Antwanett - F
[2023-06-30T04:09:23.721+0000] {logging_mixin.py:137} INFO - Aundreia - F
[2023-06-30T04:09:23.751+0000] {logging_mixin.py:137} INFO - Audella - F
[2023-06-30T04:09:23.780+0000] {logging_mixin.py:137} INFO - Amari - Unisex
[2023-06-30T04:09:23.815+0000] {logging_mixin.py:137} INFO - Arsha - Unisex
[2023-06-30T04:09:23.841+0000] {logging_mixin.py:137} INFO - Aricella - F
[2023-06-30T04:09:23.866+0000] {logging_mixin.py:137} INFO - Adan - M
[2023-06-30T04:09:23.890+0000] {logging_mixin.py:137} INFO - Apasra - F
[2023-06-30T04:09:23.918+0000] {logging_mixin.py:137} INFO - Alaysha - F
[2023-06-30T04:09:23.943+0000] {logging_mixin.py:137} INFO - Anderson - M
[2023-06-30T04:09:23.968+0000] {logging_mixin.py:137} INFO - Aurelius - M
[2023-06-30T04:09:23.994+0000] {logging_mixin.py:137} INFO - Aerial - F
[2023-06-30T04:09:24.021+0000] {logging_mixin.py:137} INFO - Averleigh - F
[2023-06-30T04:09:24.045+0000] {logging_mixin.py:137} INFO - Aslean - F
[2023-06-30T04:09:24.088+0000] {logging_mixin.py:137} INFO - Arniesha - F
[2023-06-30T04:09:24.112+0000] {logging_mixin.py:137} INFO - Asyana - F
[2023-06-30T04:09:24.138+0000] {logging_mixin.py:137} INFO - Annjane - F
[2023-06-30T04:09:24.164+0000] {logging_mixin.py:137} INFO - Amabella - F
[2023-06-30T04:09:24.188+0000] {logging_mixin.py:137} INFO - Austinjohn - M
[2023-06-30T04:09:24.216+0000] {logging_mixin.py:137} INFO - Arloween - F
[2023-06-30T04:09:24.243+0000] {logging_mixin.py:137} INFO - Alula - M
[2023-06-30T04:09:24.270+0000] {logging_mixin.py:137} INFO - Anemone - F
[2023-06-30T04:09:24.297+0000] {logging_mixin.py:137} INFO - Amorina - F
[2023-06-30T04:09:24.324+0000] {logging_mixin.py:137} INFO - Anureet - F
[2023-06-30T04:09:24.350+0000] {logging_mixin.py:137} INFO - Arric - M
[2023-06-30T04:09:24.373+0000] {logging_mixin.py:137} INFO - Antonne - M
[2023-06-30T04:09:24.399+0000] {logging_mixin.py:137} INFO - Alyre - M
[2023-06-30T04:09:24.429+0000] {logging_mixin.py:137} INFO - Annaise - F
[2023-06-30T04:09:24.497+0000] {NameGenderCSVtoRedshift_v5.py:64} INFO - load done
[2023-06-30T04:09:24.497+0000] {python.py:177} INFO - Done. Returned value was: None
[2023-06-30T04:09:24.503+0000] {taskinstance.py:1323} INFO - Marking task as SUCCESS. dag_id=namegender_v5, task_id=load, execution_date=20230629T020000, start_date=20230630T040917, end_date=20230630T040924
[2023-06-30T04:09:24.526+0000] {local_task_job.py:208} INFO - Task exited with return code 0
[2023-06-30T04:09:24.535+0000] {taskinstance.py:2578} INFO - 0 downstream tasks scheduled from follow-on schedule check
