[2023-06-30T06:39:01.279+0000] {taskinstance.py:1083} INFO - Dependencies all met for <TaskInstance: name_gender_v4.load manual__2023-06-30T06:35:58.740658+00:00 [queued]>
[2023-06-30T06:39:01.284+0000] {taskinstance.py:1083} INFO - Dependencies all met for <TaskInstance: name_gender_v4.load manual__2023-06-30T06:35:58.740658+00:00 [queued]>
[2023-06-30T06:39:01.284+0000] {taskinstance.py:1279} INFO - 
--------------------------------------------------------------------------------
[2023-06-30T06:39:01.284+0000] {taskinstance.py:1280} INFO - Starting attempt 1 of 2
[2023-06-30T06:39:01.284+0000] {taskinstance.py:1281} INFO - 
--------------------------------------------------------------------------------
[2023-06-30T06:39:01.293+0000] {taskinstance.py:1300} INFO - Executing <Task(PythonOperator): load> on 2023-06-30 06:35:58.740658+00:00
[2023-06-30T06:39:01.296+0000] {standard_task_runner.py:55} INFO - Started process 15925 to run task
[2023-06-30T06:39:01.298+0000] {standard_task_runner.py:82} INFO - Running: ['***', 'tasks', 'run', 'name_gender_v4', 'load', 'manual__2023-06-30T06:35:58.740658+00:00', '--job-id', '129', '--raw', '--subdir', 'DAGS_FOLDER/NameGenderCSVtoRedshift_v4.py', '--cfg-path', '/tmp/tmp521_ckvk']
[2023-06-30T06:39:01.298+0000] {standard_task_runner.py:83} INFO - Job 129: Subtask load
[2023-06-30T06:39:01.335+0000] {task_command.py:388} INFO - Running <TaskInstance: name_gender_v4.load manual__2023-06-30T06:35:58.740658+00:00 [running]> on host 3e27a434ea90
[2023-06-30T06:39:01.374+0000] {taskinstance.py:1509} INFO - Exporting the following env vars:
AIRFLOW_CTX_DAG_OWNER=***
AIRFLOW_CTX_DAG_ID=name_gender_v4
AIRFLOW_CTX_TASK_ID=load
AIRFLOW_CTX_EXECUTION_DATE=2023-06-30T06:35:58.740658+00:00
AIRFLOW_CTX_TRY_NUMBER=1
AIRFLOW_CTX_DAG_RUN_ID=manual__2023-06-30T06:35:58.740658+00:00
[2023-06-30T06:39:01.375+0000] {NameGenderCSVtoRedshift_v4.py:48} INFO - load started
[2023-06-30T06:39:01.384+0000] {base.py:73} INFO - Using connection ID 'redshift_dev_db' for task execution.
[2023-06-30T06:39:01.625+0000] {logging_mixin.py:137} INFO - Adaleigh - F
[2023-06-30T06:39:01.654+0000] {logging_mixin.py:137} INFO - Amryn - Unisex
[2023-06-30T06:39:01.682+0000] {logging_mixin.py:137} INFO - Apurva - Unisex
[2023-06-30T06:39:01.710+0000] {logging_mixin.py:137} INFO - Aryion - M
[2023-06-30T06:39:01.738+0000] {logging_mixin.py:137} INFO - Alixia - F
[2023-06-30T06:39:01.767+0000] {logging_mixin.py:137} INFO - Alyssarose - F
[2023-06-30T06:39:01.795+0000] {logging_mixin.py:137} INFO - Arvell - M
[2023-06-30T06:39:01.823+0000] {logging_mixin.py:137} INFO - Aibel - M
[2023-06-30T06:39:01.863+0000] {logging_mixin.py:137} INFO - Atiyyah - F
[2023-06-30T06:39:01.895+0000] {logging_mixin.py:137} INFO - Adlie - F
[2023-06-30T06:39:01.924+0000] {logging_mixin.py:137} INFO - Anyely - F
[2023-06-30T06:39:01.952+0000] {logging_mixin.py:137} INFO - Aamoni - F
[2023-06-30T06:39:01.978+0000] {logging_mixin.py:137} INFO - Ahman - M
[2023-06-30T06:39:02.008+0000] {logging_mixin.py:137} INFO - Arlane - F
[2023-06-30T06:39:02.035+0000] {logging_mixin.py:137} INFO - Armoney - F
[2023-06-30T06:39:02.064+0000] {logging_mixin.py:137} INFO - Atzhiry - F
[2023-06-30T06:39:02.091+0000] {logging_mixin.py:137} INFO - Antonette - F
[2023-06-30T06:39:02.122+0000] {logging_mixin.py:137} INFO - Akeelah - F
[2023-06-30T06:39:02.151+0000] {logging_mixin.py:137} INFO - Abdikadir - M
[2023-06-30T06:39:02.179+0000] {logging_mixin.py:137} INFO - Arinze - M
[2023-06-30T06:39:02.206+0000] {logging_mixin.py:137} INFO - Arshaun - M
[2023-06-30T06:39:02.234+0000] {logging_mixin.py:137} INFO - Alexandro - M
[2023-06-30T06:39:02.279+0000] {logging_mixin.py:137} INFO - Ayriauna - F
[2023-06-30T06:39:02.317+0000] {logging_mixin.py:137} INFO - Aqib - M
[2023-06-30T06:39:02.348+0000] {logging_mixin.py:137} INFO - Alleya - F
[2023-06-30T06:39:02.389+0000] {logging_mixin.py:137} INFO - Aavah - F
[2023-06-30T06:39:02.422+0000] {logging_mixin.py:137} INFO - Anesti - Unisex
[2023-06-30T06:39:02.453+0000] {logging_mixin.py:137} INFO - Adalaide - F
[2023-06-30T06:39:02.480+0000] {logging_mixin.py:137} INFO - Analena - F
[2023-06-30T06:39:02.518+0000] {logging_mixin.py:137} INFO - Alaeyah - F
[2023-06-30T06:39:02.549+0000] {logging_mixin.py:137} INFO - Albena - F
[2023-06-30T06:39:02.576+0000] {logging_mixin.py:137} INFO - Aimi - F
[2023-06-30T06:39:02.603+0000] {logging_mixin.py:137} INFO - Adwaith - M
[2023-06-30T06:39:02.630+0000] {logging_mixin.py:137} INFO - Arkady - M
[2023-06-30T06:39:02.658+0000] {logging_mixin.py:137} INFO - Astyn - Unisex
[2023-06-30T06:39:02.684+0000] {logging_mixin.py:137} INFO - Adelee - F
[2023-06-30T06:39:02.710+0000] {logging_mixin.py:137} INFO - Agata - F
[2023-06-30T06:39:02.752+0000] {logging_mixin.py:137} INFO - Alegna - F
[2023-06-30T06:39:02.782+0000] {logging_mixin.py:137} INFO - Altan - M
[2023-06-30T06:39:02.806+0000] {logging_mixin.py:137} INFO - Ahnaleigh - F
[2023-06-30T06:39:02.831+0000] {logging_mixin.py:137} INFO - Algie - Unisex
[2023-06-30T06:39:02.857+0000] {logging_mixin.py:137} INFO - Ashanti - F
[2023-06-30T06:39:02.881+0000] {logging_mixin.py:137} INFO - Aislyn - F
[2023-06-30T06:39:02.906+0000] {logging_mixin.py:137} INFO - Adaleine - F
[2023-06-30T06:39:02.934+0000] {logging_mixin.py:137} INFO - Anthnoy - M
[2023-06-30T06:39:02.961+0000] {logging_mixin.py:137} INFO - Algernon - M
[2023-06-30T06:39:02.989+0000] {logging_mixin.py:137} INFO - Aeryona - F
[2023-06-30T06:39:03.015+0000] {logging_mixin.py:137} INFO - Adrinne - F
[2023-06-30T06:39:03.043+0000] {logging_mixin.py:137} INFO - Addell - F
[2023-06-30T06:39:03.071+0000] {logging_mixin.py:137} INFO - Avril - F
[2023-06-30T06:39:03.104+0000] {logging_mixin.py:137} INFO - Ahni - F
[2023-06-30T06:39:03.137+0000] {logging_mixin.py:137} INFO - Aimon - M
[2023-06-30T06:39:03.167+0000] {logging_mixin.py:137} INFO - Adolpho - M
[2023-06-30T06:39:03.195+0000] {logging_mixin.py:137} INFO - Ahuva - F
[2023-06-30T06:39:03.221+0000] {logging_mixin.py:137} INFO - Aurielle - F
[2023-06-30T06:39:03.246+0000] {logging_mixin.py:137} INFO - Aveana - F
[2023-06-30T06:39:03.277+0000] {logging_mixin.py:137} INFO - Aliyia - F
[2023-06-30T06:39:03.315+0000] {logging_mixin.py:137} INFO - Alesander - M
[2023-06-30T06:39:03.347+0000] {logging_mixin.py:137} INFO - Adnrea - F
[2023-06-30T06:39:03.378+0000] {logging_mixin.py:137} INFO - Anjae - F
[2023-06-30T06:39:03.406+0000] {logging_mixin.py:137} INFO - Alvine - F
[2023-06-30T06:39:03.431+0000] {logging_mixin.py:137} INFO - Adorah - F
[2023-06-30T06:39:03.471+0000] {logging_mixin.py:137} INFO - Adlemi - F
[2023-06-30T06:39:03.497+0000] {logging_mixin.py:137} INFO - Alesi - F
[2023-06-30T06:39:03.526+0000] {logging_mixin.py:137} INFO - Alontae - M
[2023-06-30T06:39:03.559+0000] {logging_mixin.py:137} INFO - Antonny - M
[2023-06-30T06:39:03.585+0000] {logging_mixin.py:137} INFO - Adarah - F
[2023-06-30T06:39:03.612+0000] {logging_mixin.py:137} INFO - Ayreanna - F
[2023-06-30T06:39:03.639+0000] {logging_mixin.py:137} INFO - Antyon - M
[2023-06-30T06:39:03.666+0000] {logging_mixin.py:137} INFO - Andia - F
[2023-06-30T06:39:03.690+0000] {logging_mixin.py:137} INFO - Ashla - F
[2023-06-30T06:39:03.719+0000] {logging_mixin.py:137} INFO - Aspyn - F
[2023-06-30T06:39:03.746+0000] {logging_mixin.py:137} INFO - Antwanett - F
[2023-06-30T06:39:03.783+0000] {logging_mixin.py:137} INFO - Aundreia - F
[2023-06-30T06:39:03.811+0000] {logging_mixin.py:137} INFO - Audella - F
[2023-06-30T06:39:03.848+0000] {logging_mixin.py:137} INFO - Amari - Unisex
[2023-06-30T06:39:03.876+0000] {logging_mixin.py:137} INFO - Arsha - Unisex
[2023-06-30T06:39:03.902+0000] {logging_mixin.py:137} INFO - Aricella - F
[2023-06-30T06:39:03.943+0000] {logging_mixin.py:137} INFO - Adan - M
[2023-06-30T06:39:03.973+0000] {logging_mixin.py:137} INFO - Apasra - F
[2023-06-30T06:39:03.999+0000] {logging_mixin.py:137} INFO - Alaysha - F
[2023-06-30T06:39:04.024+0000] {logging_mixin.py:137} INFO - Anderson - M
[2023-06-30T06:39:04.052+0000] {logging_mixin.py:137} INFO - Aurelius - M
[2023-06-30T06:39:04.082+0000] {logging_mixin.py:137} INFO - Aerial - F
[2023-06-30T06:39:04.109+0000] {logging_mixin.py:137} INFO - Averleigh - F
[2023-06-30T06:39:04.137+0000] {logging_mixin.py:137} INFO - Aslean - F
[2023-06-30T06:39:04.163+0000] {logging_mixin.py:137} INFO - Arniesha - F
[2023-06-30T06:39:04.192+0000] {logging_mixin.py:137} INFO - Asyana - F
[2023-06-30T06:39:04.218+0000] {logging_mixin.py:137} INFO - Annjane - F
[2023-06-30T06:39:04.244+0000] {logging_mixin.py:137} INFO - Amabella - F
[2023-06-30T06:39:04.270+0000] {logging_mixin.py:137} INFO - Austinjohn - M
[2023-06-30T06:39:04.298+0000] {logging_mixin.py:137} INFO - Arloween - F
[2023-06-30T06:39:04.329+0000] {logging_mixin.py:137} INFO - Alula - M
[2023-06-30T06:39:04.361+0000] {logging_mixin.py:137} INFO - Anemone - F
[2023-06-30T06:39:04.385+0000] {logging_mixin.py:137} INFO - Amorina - F
[2023-06-30T06:39:04.414+0000] {logging_mixin.py:137} INFO - Anureet - F
[2023-06-30T06:39:04.444+0000] {logging_mixin.py:137} INFO - Arric - M
[2023-06-30T06:39:04.471+0000] {logging_mixin.py:137} INFO - Antonne - M
[2023-06-30T06:39:04.496+0000] {logging_mixin.py:137} INFO - Alyre - M
[2023-06-30T06:39:04.524+0000] {logging_mixin.py:137} INFO - Annaise - F
[2023-06-30T06:39:04.604+0000] {NameGenderCSVtoRedshift_v4.py:77} INFO - load done
[2023-06-30T06:39:04.605+0000] {python.py:177} INFO - Done. Returned value was: None
[2023-06-30T06:39:04.611+0000] {taskinstance.py:1323} INFO - Marking task as SUCCESS. dag_id=name_gender_v4, task_id=load, execution_date=20230630T063558, start_date=20230630T063901, end_date=20230630T063904
[2023-06-30T06:39:04.644+0000] {local_task_job.py:208} INFO - Task exited with return code 0
[2023-06-30T06:39:04.655+0000] {taskinstance.py:2578} INFO - 0 downstream tasks scheduled from follow-on schedule check
